<?xml version="1.0" encoding="UTF-8"?>
<!-- Generated by org.testng.reporters.JUnitReportReporter -->
<testsuite hostname="DESKTOP-S376DQR" failures="0" tests="1" name="Scripts.TestCase1" time="30.077" errors="0" timestamp="2023-09-06T11:02:34 IST" skipped="0">
  <testcase classname="Scripts.TestCase1" name="tc1" time="30.077"/>
</testsuite> <!-- Scripts.TestCase1 -->
